<?xml version="1.0" encoding="UTF-8"?>
<!-- Generated by org.testng.reporters.JUnitReportReporter -->
<testsuite hostname="DESKTOP-V2AP8VU" failures="0" tests="1" name="com.crm.vtiger.LoginLogoutTest" time="37.196" errors="0" timestamp="2022-03-23T14:58:44 IST" skipped="0">
  <testcase classname="com.crm.vtiger.LoginLogoutTest" name="loggingToVtigerTest" time="37.196"/>
  <system-out/>
</testsuite> <!-- com.crm.vtiger.LoginLogoutTest -->
