<?xml version="1.0" encoding="UTF-8"?>
<!-- Generated by org.testng.reporters.JUnitReportReporter -->
<testsuite hostname="DESKTOP-V2AP8VU" failures="0" tests="1" name="com.crm.vtiger.ReadDataFromTest" time="0.015" errors="0" timestamp="2022-03-23T13:21:17 IST" skipped="0">
  <testcase classname="com.crm.vtiger.ReadDataFromTest" name="getDataTest" time="0.015"/>
  <system-out/>
</testsuite> <!-- com.crm.vtiger.ReadDataFromTest -->
